21 May 03:02:40 - [33m[nodemon] v0.7.8[0m
21 May 03:02:40 - [33m[nodemon] to restart at any time, enter `rs`[0m
21 May 03:02:40 - [32m[nodemon] watching: /var/nodeapp[0m
21 May 03:02:40 - [nodemon] exception in nodemon killing node
Error: EBADF, read
21 May 03:02:40 - [32m[nodemon] Unable to write to temp directory. If you experience problems with file reloading, ensure /tmp is writable.[0m
21 May 03:02:40 - [32m[nodemon] starting `node ./app.js`[0m
Express server listening on port 80
[90mGET / [32m200 [90m129ms - 1.13kb[0m
[90mGET /bower_components/requirejs/require.js [36m304 [90m4ms[0m
[90mGET /styles/main.css [32m200 [90m10ms - 97b[0m
[90mGET /bower_components/modernizr/modernizr.js [32m200 [90m8ms - 48.97kb[0m
[90mGET /scripts/main.js [32m200 [90m1ms - 415b[0m
[90mGET /scripts/app.js [32m200 [90m1ms - 95b[0m
[90mGET /bower_components/jquery/jquery.js [32m200 [90m333ms - 262.09kb[0m
[90mGET /scripts/vendor/bootstrap.js [32m200 [90m1ms - 60.3kb[0m
[90mGET / [36m304 [90m16ms[0m
[90mGET /styles/main.css [36m304 [90m1ms[0m
[90mGET /bower_components/modernizr/modernizr.js [36m304 [90m1ms[0m
[90mGET /bower_components/requirejs/require.js [36m304 [90m0ms[0m
[90mGET /scripts/main.js [36m304 [90m0ms[0m
[90mGET /scripts/app.js [36m304 [90m1ms[0m
[90mGET /bower_components/jquery/jquery.js [36m304 [90m1ms[0m
[90mGET /scripts/vendor/bootstrap.js [36m304 [90m0ms[0m
[90mGET / [36m304 [90m4ms[0m
[90mGET /styles/main.css [36m304 [90m1ms[0m
[90mGET /bower_components/requirejs/require.js [36m304 [90m2ms[0m
[90mGET /bower_components/modernizr/modernizr.js [36m304 [90m1ms[0m
[90mGET /scripts/main.js [36m304 [90m1ms[0m
[90mGET /scripts/app.js [36m304 [90m1ms[0m
[90mGET /bower_components/jquery/jquery.js [36m304 [90m0ms[0m
[90mGET /scripts/vendor/bootstrap.js [36m304 [90m0ms[0m
[90mGET / [32m200 [90m7ms - 1.13kb[0m
[90mGET /bower_components/modernizr/modernizr.js [36m304 [90m1ms[0m
[90mGET /styles/main.css [36m304 [90m1ms[0m
[90mGET /bower_components/requirejs/require.js [36m304 [90m1ms[0m
[90mGET /scripts/main.js [36m304 [90m1ms[0m
[90mGET /scripts/app.js [36m304 [90m0ms[0m
[90mGET /bower_components/jquery/jquery.js [36m304 [90m1ms[0m
[90mGET /scripts/vendor/bootstrap.js [36m304 [90m1ms[0m
[90mGET / [32m200 [90m4ms - 1.13kb[0m
[90mGET /styles/main.css [36m304 [90m0ms[0m
[90mGET /bower_components/modernizr/modernizr.js [36m304 [90m0ms[0m
[90mGET /bower_components/requirejs/require.js [36m304 [90m0ms[0m
[90mGET /scripts/main.js [36m304 [90m1ms[0m
[90mGET /scripts/app.js [36m304 [90m1ms[0m
[90mGET /bower_components/jquery/jquery.js [36m304 [90m1ms[0m
[90mGET /scripts/vendor/bootstrap.js [36m304 [90m1ms[0m
[90mGET / [36m304 [90m7ms[0m
[90mGET /styles/main.css [32m200 [90m1ms - 4.82kb[0m
[90mGET /bower_components/requirejs/require.js [36m304 [90m1ms[0m
[90mGET /bower_components/modernizr/modernizr.js [36m304 [90m0ms[0m
[90mGET /styles/assets/images/left-menu-bg.png [33m404 [90m1ms[0m
[90mGET /scripts/main.js [36m304 [90m0ms[0m
[90mGET /bower_components/jquery/jquery.js [36m304 [90m2ms[0m
[90mGET /scripts/app.js [36m304 [90m2ms[0m
[90mGET /scripts/vendor/bootstrap.js [36m304 [90m0ms[0m
21 May 03:12:52 - [nodemon] restarting due to changes...
21 May 03:12:52 - [nodemon] /var/nodeapp/client/app/scripts/main.js


21 May 03:12:52 - [32m[nodemon] starting `node ./app.js`[0m
Express server listening on port 80
[90mGET / [32m200 [90m194ms - 1.54kb[0m
[90mGET /styles/main.css [36m304 [90m3ms[0m
[90mGET /bower_components/modernizr/modernizr.js [36m304 [90m1ms[0m
[90mGET /assets/images/af-logo-signin.png [33m404 [90m0ms[0m
[90mGET /styles/assets/images/left-menu-bg.png [33m404 [90m0ms[0m
[90mGET / [36m304 [90m16ms[0m
[90mGET /styles/main.css [36m304 [90m0ms[0m
[90mGET /bower_components/modernizr/modernizr.js [36m304 [90m0ms[0m
[90mGET /assets/images/af-logo-signin.png [33m404 [90m0ms[0m
[90mGET / [36m304 [90m7ms[0m
[90mGET /assets/images/af-logo-signin.png [33m404 [90m1ms[0m
[90mGET /bower_components/modernizr/modernizr.js [36m304 [90m1ms[0m
[90mGET /styles/main.css [36m304 [90m1ms[0m
[90mGET / [36m304 [90m6ms[0m
[90mGET /bower_components/modernizr/modernizr.js [36m304 [90m0ms[0m
[90mGET /styles/main.css [36m304 [90m0ms[0m
[90mGET /assets/images/af-logo-signin.png [33m404 [90m0ms[0m
[90mGET / [36m304 [90m5ms[0m
[90mGET /styles/main.css [36m304 [90m0ms[0m
[90mGET /assets/images/af-logo-signin.png [33m404 [90m0ms[0m
[90mGET /bower_components/modernizr/modernizr.js [36m304 [90m1ms[0m
[90mGET /styles/assets/images/left-menu-bg.png [33m404 [90m1ms[0m
[90mGET / [36m304 [90m9ms[0m
[90mGET /styles/main.css [32m200 [90m4ms - 4.81kb[0m
[90mGET /bower_components/modernizr/modernizr.js [36m304 [90m1ms[0m
[90mGET /assets/images/af-logo-signin.png [33m404 [90m0ms[0m
[90mGET /assets/images/af-logo-signin.png [33m404 [90m0ms[0m
[90mGET /styles/images/left-menu-bg.png [33m404 [90m0ms[0m
[90mGET / [32m200 [90m8ms - 1.68kb[0m
[90mGET /styles/main.css [36m304 [90m2ms[0m
[90mGET /assets/images/af-logo-signin.png [33m404 [90m1ms[0m
[90mGET /bower_components/modernizr/modernizr.js [36m304 [90m1ms[0m
[90mGET /assets/images/af-logo-signin.png [33m404 [90m0ms[0m
[90mGET / [36m304 [90m7ms[0m
[90mGET /styles/main.css [36m304 [90m0ms[0m
[90mGET /assets/images/af-logo-signin.png [33m404 [90m0ms[0m
[90mGET /bower_components/modernizr/modernizr.js [36m304 [90m1ms[0m
[90mGET /assets/images/af-logo-signin.png [33m404 [90m0ms[0m
[90mGET / [36m304 [90m7ms[0m
[90mGET /styles/main.css [36m304 [90m1ms[0m
[90mGET /bower_components/modernizr/modernizr.js [36m304 [90m0ms[0m
[90mGET /assets/images/af-logo-signin.png [33m404 [90m0ms[0m
[90mGET /assets/images/af-logo-signin.png [33m404 [90m1ms[0m
[90mGET /dashboard.html [33m404 [90m1ms[0m
[90mGET / [32m200 [90m10ms - 1.68kb[0m
[90mGET /styles/main.css [36m304 [90m2ms[0m
[90mGET /bower_components/modernizr/modernizr.js [36m304 [90m1ms[0m
[90mGET /images/af-logo-signin.png [32m200 [90m3ms - 2.46kb[0m
[90mGET / [36m304 [90m15ms[0m
[90mGET /styles/main.css [36m304 [90m1ms[0m
[90mGET /bower_components/modernizr/modernizr.js [36m304 [90m0ms[0m
[90mGET /images/af-logo-signin.png [36m304 [90m0ms[0m
[90mGET / [36m304 [90m5ms[0m
[90mGET /styles/main.css [36m304 [90m1ms[0m
[90mGET /images/af-logo-signin.png [36m304 [90m0ms[0m
[90mGET /bower_components/modernizr/modernizr.js [36m304 [90m0ms[0m
21 May 03:34:30 - [nodemon] restarting due to changes...
21 May 03:34:30 - [nodemon] /var/nodeapp/client/app/scripts/vendor/adminflare.js


21 May 03:34:30 - [32m[nodemon] starting `node ./app.js`[0m
Express server listening on port 80
21 May 03:34:37 - [nodemon] restarting due to changes...
21 May 03:34:37 - [nodemon] /var/nodeapp/client/app/scripts/vendor/modernizr-jquery.min.js


21 May 03:34:37 - [32m[nodemon] starting `node ./app.js`[0m
Express server listening on port 80
[90mGET / [32m200 [90m138ms - 1.76kb[0m
[90mGET /bower_components/modernizr/modernizr.js [36m304 [90m4ms[0m
[90mGET /styles/main.css [32m200 [90m8ms - 4.81kb[0m
[90mGET /images/af-logo-signin.png [36m304 [90m1ms[0m
[90mGET /scripts/vendor/adminflare-demo-init.min.js [32m200 [90m2ms - 1.62kb[0m
[90mGET /styles/images/left-menu-bg.png [33m404 [90m1ms[0m
[90mGET / [32m200 [90m14ms - 1.85kb[0m
[90mGET /styles/main.css [36m304 [90m0ms[0m
[90mGET /bower_components/modernizr/modernizr.js [36m304 [90m1ms[0m
[90mGET /scripts/vendor/adminflare-demo-init.min.js [36m304 [90m1ms[0m
[90mGET /scripts/vendor/adminflare-demo.min.js [32m200 [90m1ms - 11.56kb[0m
[90mGET /images/af-logo-signin.png [36m304 [90m0ms[0m
[90mGET / [36m304 [90m8ms[0m
[90mGET /styles/main.css [36m304 [90m1ms[0m
[90mGET /scripts/vendor/adminflare-demo-init.min.js [36m304 [90m2ms[0m
[90mGET /bower_components/modernizr/modernizr.js [36m304 [90m4ms[0m
[90mGET /scripts/vendor/adminflare-demo.min.js [36m304 [90m2ms[0m
[90mGET /images/af-logo-signin.png [36m304 [90m2ms[0m
[90mGET / [32m200 [90m7ms - 1.73kb[0m
[90mGET /styles/main.css [36m304 [90m1ms[0m
[90mGET /images/af-logo-signin.png [36m304 [90m1ms[0m
[90mGET / [36m304 [90m8ms[0m
[90mGET /styles/main.css [36m304 [90m1ms[0m
[90mGET /images/af-logo-signin.png [36m304 [90m1ms[0m
[90mGET / [32m200 [90m8ms - 1.57kb[0m
[90mGET /styles/main.css [36m304 [90m0ms[0m
[90mGET /images/af-logo-signin.png [36m304 [90m1ms[0m
[90mGET / [36m304 [90m7ms[0m
[90mGET /styles/main.css [36m304 [90m0ms[0m
[90mGET /images/af-logo-signin.png [36m304 [90m1ms[0m
[90mGET / [32m200 [90m10ms - 1.82kb[0m
[90mGET /styles/main.css [36m304 [90m0ms[0m
[90mGET /scripts/vendor/scripts/vendor/modernizr.js [33m404 [90m1ms[0m
[90mGET /scripts/vendor/adminflare-demo-init.min.js [36m304 [90m1ms[0m
[90mGET /scripts/vendor/adminflare-demo.min.js [36m304 [90m1ms[0m
[90mGET /images/af-logo-signin.png [36m304 [90m0ms[0m
[90mGET / [32m200 [90m10ms - 1.94kb[0m
[90mGET /styles/main.css [36m304 [90m1ms[0m
[90mGET /scripts/vendor/scripts/vendor/modernizr.js [33m404 [90m1ms[0m
[90mGET /scripts/vendor/adminflare-demo-init.min.js [36m304 [90m1ms[0m
[90mGET /scripts/vendor/adminflare-demo.min.js [36m304 [90m2ms[0m
[90mGET /images/af-logo-signin.png [36m304 [90m1ms[0m
[90mGET /styles/adminflare/adminflare.css [32m200 [90m50ms - 161.98kb[0m
[90mGET /styles/bootstrap/bootstrap.css [32m200 [90m85ms - 136.27kb[0m
[90mGET /images/body-bg.png [32m200 [90m1ms - 3.3kb[0m
[90mGET /fonts/fontawesome/fontawesome-webfont.woff?v=3.0.1 [32m200 [90m2ms - 28.69kb[0m
[90mGET / [36m304 [90m16ms[0m
[90mGET /styles/main.css [36m304 [90m1ms[0m
[90mGET /styles/adminflare/adminflare.css [36m304 [90m3ms[0m
[90mGET /scripts/vendor/scripts/vendor/modernizr.js [33m404 [90m1ms[0m
[90mGET /scripts/vendor/adminflare-demo-init.min.js [36m304 [90m2ms[0m
[90mGET /styles/bootstrap/bootstrap.css [36m304 [90m1ms[0m
[90mGET /scripts/vendor/adminflare-demo.min.js [36m304 [90m0ms[0m
[90mGET /images/af-logo-signin.png [36m304 [90m0ms[0m
21 May 03:51:38 - [nodemon] restarting due to changes...
21 May 03:51:38 - [nodemon] /var/nodeapp/client/app/scripts/vendor/jquery.js


21 May 03:51:38 - [32m[nodemon] starting `node ./app.js`[0m
Express server listening on port 80
21 May 03:51:46 - [nodemon] restarting due to changes...
21 May 03:51:46 - [nodemon] /var/nodeapp/client/app/scripts/vendor/jquery.js


21 May 03:51:46 - [32m[nodemon] starting `node ./app.js`[0m
Express server listening on port 80
[90mGET / [32m200 [90m142ms - 2.01kb[0m
[90mGET /styles/main.css [36m304 [90m3ms[0m
[90mGET /styles/adminflare/adminflare.css [36m304 [90m2ms[0m
[90mGET /styles/bootstrap/bootstrap.css [36m304 [90m1ms[0m
[90mGET /scripts/vendor/scripts/vendor/modernizr.js [33m404 [90m2ms[0m
[90mGET /scripts/vendor/jquery.js [32m200 [90m9ms - 90.46kb[0m
[90mGET /scripts/vendor/adminflare-demo-init.min.js [36m304 [90m2ms[0m
[90mGET /scripts/vendor/adminflare-demo.min.js [36m304 [90m0ms[0m
[90mGET /images/af-logo-signin.png [36m304 [90m1ms[0m
[90mGET /images/body-bg.png [36m304 [90m0ms[0m
[90mGET /fonts/fontawesome/fontawesome-webfont.woff?v=3.0.1 [36m304 [90m0ms[0m
[90mGET / [32m200 [90m10ms - 2kb[0m
[90mGET /styles/main.css [36m304 [90m0ms[0m
[90mGET /scripts/vendor/modernizr.js [33m404 [90m2ms[0m
[90mGET /styles/adminflare/adminflare.css [36m304 [90m2ms[0m
[90mGET /styles/bootstrap/bootstrap.css [36m304 [90m2ms[0m
[90mGET /scripts/vendor/jquery.js [36m304 [90m1ms[0m
[90mGET /scripts/vendor/adminflare-demo-init.min.js [36m304 [90m0ms[0m
[90mGET /scripts/vendor/adminflare-demo.min.js [36m304 [90m0ms[0m
[90mGET /images/af-logo-signin.png [36m304 [90m1ms[0m
[90mGET / [36m304 [90m8ms[0m
[90mGET /styles/main.css [36m304 [90m2ms[0m
[90mGET /scripts/vendor/jquery.js [36m304 [90m1ms[0m
[90mGET /styles/adminflare/adminflare.css [36m304 [90m1ms[0m
[90mGET /styles/bootstrap/bootstrap.css [36m304 [90m1ms[0m
[90mGET /scripts/vendor/modernizr.js [33m404 [90m1ms[0m
[90mGET /scripts/vendor/adminflare-demo-init.min.js [36m304 [90m0ms[0m
[90mGET /scripts/vendor/adminflare-demo.min.js [36m304 [90m0ms[0m
[90mGET /images/af-logo-signin.png [36m304 [90m1ms[0m
[90mGET / [32m200 [90m10ms - 2.01kb[0m
[90mGET /styles/main.css [36m304 [90m0ms[0m
[90mGET /scripts/vendor/jquery.js [36m304 [90m2ms[0m
[90mGET /styles/adminflare/adminflare.css [36m304 [90m1ms[0m
[90mGET /styles/bootstrap/bootstrap.css [36m304 [90m1ms[0m
[90mGET /scripts/vendor/adminflare-demo-init.min.js [36m304 [90m1ms[0m
[90mGET /scripts/vendor/modernizr-jquery.min.js [32m200 [90m2ms - 124.16kb[0m
[90mGET /scripts/vendor/adminflare-demo.min.js [36m304 [90m1ms[0m
[90mGET /images/af-logo-signin.png [36m304 [90m0ms[0m
[90mGET /dashboard.html [33m404 [90m1ms[0m
[90mGET / [36m304 [90m7ms[0m
[90mGET /styles/main.css [36m304 [90m0ms[0m
[90mGET /styles/bootstrap/bootstrap.css [36m304 [90m1ms[0m
[90mGET /styles/adminflare/adminflare.css [36m304 [90m1ms[0m
[90mGET /scripts/vendor/modernizr-jquery.min.js [36m304 [90m0ms[0m
[90mGET /scripts/vendor/jquery.js [36m304 [90m2ms[0m
[90mGET /scripts/vendor/adminflare-demo-init.min.js [36m304 [90m2ms[0m
[90mGET /scripts/vendor/adminflare-demo.min.js [36m304 [90m2ms[0m
[90mGET /images/af-logo-signin.png [36m304 [90m2ms[0m
[90mGET / [32m200 [90m10ms - 1.86kb[0m
[90mGET /styles/bootstrap/bootstrap.css [36m304 [90m1ms[0m
[90mGET /styles/main.css [36m304 [90m0ms[0m
[90mGET /styles/adminflare/adminflare.css [36m304 [90m0ms[0m
[90mGET /scripts/vendor/jquery.js [36m304 [90m0ms[0m
[90mGET /scripts/vendor/adminflare-demo-init.min.js [36m304 [90m1ms[0m
[90mGET /scripts/vendor/modernizr-jquery.min.js [36m304 [90m1ms[0m
[90mGET /images/af-logo-signin.png [36m304 [90m1ms[0m
[90mGET /scripts/vendor/adminflare-demo.min.js [36m304 [90m0ms[0m
[90mGET / [32m200 [90m10ms - 1.86kb[0m
[90mGET /styles/bootstrap/bootstrap.css [36m304 [90m1ms[0m
[90mGET /styles/main.css [36m304 [90m1ms[0m
[90mGET /scripts/vendor/modernizr-jquery.min.js [36m304 [90m2ms[0m
[90mGET /scripts/vendor/adminflare-demo-init.min.js [36m304 [90m2ms[0m
[90mGET /styles/adminflare/adminflare.css [36m304 [90m1ms[0m
[90mGET /scripts/vendor/jquery.js [36m304 [90m2ms[0m
[90mGET /scripts/vendor/adminflare-demo.min.js [36m304 [90m2ms[0m
[90mGET /images/af-logo-signin.png [36m304 [90m0ms[0m
[90mGET /dashboard.html?username=&password= [33m404 [90m1ms[0m
[90mGET / [36m304 [90m9ms[0m
[90mGET /styles/bootstrap/bootstrap.css [36m304 [90m1ms[0m
[90mGET /styles/adminflare/adminflare.css [36m304 [90m0ms[0m
[90mGET /scripts/vendor/modernizr-jquery.min.js [36m304 [90m0ms[0m
[90mGET /scripts/vendor/adminflare-demo-init.min.js [36m304 [90m3ms[0m
[90mGET /scripts/vendor/jquery.js [36m304 [90m2ms[0m
[90mGET /styles/main.css [36m304 [90m3ms[0m
[90mGET /scripts/vendor/adminflare-demo.min.js [36m304 [90m0ms[0m
[90mGET /images/af-logo-signin.png [36m304 [90m1ms[0m
[90mGET / [32m200 [90m16ms - 2kb[0m
[90mGET /styles/bootstrap/bootstrap.css [36m304 [90m1ms[0m
[90mGET /styles/main.css [36m304 [90m2ms[0m
[90mGET /styles/adminflare/adminflare.css [36m304 [90m2ms[0m
[90mGET /scripts/vendor/modernizr.js [33m404 [90m2ms[0m
[90mGET /scripts/vendor/jquery.js [36m304 [90m2ms[0m
[90mGET /scripts/vendor/adminflare-demo-init.min.js [36m304 [90m3ms[0m
[90mGET /scripts/vendor/adminflare-demo.min.js [36m304 [90m0ms[0m
[90mGET /images/af-logo-signin.png [36m304 [90m0ms[0m
[90mGET / [32m200 [90m9ms - 1.99kb[0m
[90mGET /styles/adminflare/adminflare.css [36m304 [90m0ms[0m
[90mGET /styles/bootstrap/bootstrap.css [36m304 [90m0ms[0m
[90mGET /scripts/vendor/modernizr.js [33m404 [90m1ms[0m
[90mGET /scripts/vendor/jquery.js [36m304 [90m1ms[0m
[90mGET /styles/main.css [36m304 [90m2ms[0m
[90mGET /scripts/vendor/adminflare-demo-init.min.js [36m304 [90m2ms[0m
[90mGET /images/af-logo-signin.png [36m304 [90m0ms[0m
[90mGET /scripts/vendor/adminflare.min.js [32m200 [90m154ms - 408.02kb[0m
[90mGET / [32m200 [90m7ms - 1.9kb[0m
[90mGET /styles/bootstrap/bootstrap.css [36m304 [90m1ms[0m
[90mGET /scripts/vendor/modernizr.js [33m404 [90m0ms[0m
[90mGET /styles/main.css [36m304 [90m1ms[0m
[90mGET /styles/adminflare/adminflare.css [36m304 [90m1ms[0m
[90mGET /scripts/vendor/jquery.js [36m304 [90m1ms[0m
[90mGET /scripts/vendor/adminflare.min.js [36m304 [90m0ms[0m
[90mGET /images/af-logo-signin.png [36m304 [90m0ms[0m
[90mGET /dashboard.html?username=&password= [33m404 [90m1ms[0m
21 May 04:11:06 - [nodemon] restarting due to changes...
21 May 04:11:06 - [nodemon] /var/nodeapp/app.js


21 May 04:11:06 - [32m[nodemon] starting `node ./app.js`[0m

/var/nodeapp/node_modules/express/lib/router/index.js:252
    throw new Error(msg);
          ^
Error: .get() requires callback functions but got a [object Undefined]
    at /var/nodeapp/node_modules/express/lib/router/index.js:252:11
    at Array.forEach (native)
    at Router.route (/var/nodeapp/node_modules/express/lib/router/index.js:248:13)
    at Router.(anonymous function) [as get] (/var/nodeapp/node_modules/express/lib/router/index.js:270:16)
    at Function.app.(anonymous function) [as get] (/var/nodeapp/node_modules/express/lib/application.js:414:26)
    at Object.<anonymous> (/var/nodeapp/app.js:31:5)
    at Module._compile (module.js:456:26)
    at Object.Module._extensions..js (module.js:474:10)
    at Module.load (module.js:356:32)
    at Function.Module._load (module.js:312:12)
21 May 04:11:06 - [1;31m[nodemon] app crashed - waiting for file changes before starting...[0m
21 May 04:11:10 - [nodemon] exiting
Express server listening on port 80
[90mGET / [36m304 [90m203ms[0m
[90mGET /styles/adminflare/adminflare.css [36m304 [90m7ms[0m
[90mGET /styles/bootstrap/bootstrap.css [36m304 [90m4ms[0m
[90mGET /scripts/vendor/jquery.js [36m304 [90m1ms[0m
[90mGET /styles/main.css [36m304 [90m1ms[0m
[90mGET /scripts/vendor/modernizr-jquery.min.js [36m304 [90m0ms[0m
[90mGET /images/af-logo-signup.png [36m304 [90m2ms[0m
[90mGET /signup [36m304 [90m12ms[0m
[90mGET /styles/bootstrap/bootstrap.css [36m304 [90m1ms[0m
[90mGET /styles/adminflare/adminflare.css [36m304 [90m1ms[0m
[90mGET /scripts/vendor/jquery.js [36m304 [90m1ms[0m
[90mGET /scripts/vendor/modernizr-jquery.min.js [36m304 [90m0ms[0m
[90mGET /styles/main.css [36m304 [90m0ms[0m
[90mGET /images/af-logo-signup.png [36m304 [90m1ms[0m
[90mGET /signin [36m304 [90m9ms[0m
[90mGET /styles/bootstrap/bootstrap.css [36m304 [90m0ms[0m
[90mGET /scripts/vendor/jquery.js [36m304 [90m1ms[0m
[90mGET /styles/main.css [36m304 [90m1ms[0m
[90mGET /styles/adminflare/adminflare.css [36m304 [90m1ms[0m
[90mGET /scripts/vendor/modernizr-jquery.min.js [36m304 [90m1ms[0m
[90mGET /images/af-logo-signup.png [36m304 [90m0ms[0m
[90mGET /signup [36m304 [90m10ms[0m
[90mGET /styles/bootstrap/bootstrap.css [36m304 [90m0ms[0m
[90mGET /styles/main.css [36m304 [90m1ms[0m
[90mGET /scripts/vendor/jquery.js [36m304 [90m2ms[0m
[90mGET /scripts/vendor/modernizr-jquery.min.js [36m304 [90m2ms[0m
[90mGET /styles/adminflare/adminflare.css [36m304 [90m1ms[0m
[90mGET /images/af-logo-signup.png [36m304 [90m1ms[0m
[90mGET / [36m304 [90m11ms[0m
[90mGET /styles/adminflare/adminflare.css [36m304 [90m1ms[0m
[90mGET /styles/bootstrap/bootstrap.css [36m304 [90m1ms[0m
[90mGET /styles/main.css [36m304 [90m1ms[0m
[90mGET /scripts/vendor/jquery.js [36m304 [90m1ms[0m
[90mGET /scripts/vendor/modernizr-jquery.min.js [36m304 [90m1ms[0m
[90mGET /images/af-logo-signup.png [36m304 [90m1ms[0m
[90mGET / [36m304 [90m8ms[0m
[90mGET /styles/bootstrap/bootstrap.css [36m304 [90m1ms[0m
[90mGET /styles/adminflare/adminflare.css [36m304 [90m2ms[0m
[90mGET /styles/main.css [36m304 [90m1ms[0m
[90mGET /scripts/vendor/jquery.js [36m304 [90m1ms[0m
[90mGET /scripts/vendor/modernizr-jquery.min.js [36m304 [90m1ms[0m
[90mGET /images/body-bg.png [36m304 [90m2ms[0m
[90mGET /fonts/fontawesome/fontawesome-webfont.woff?v=3.0.1 [36m304 [90m1ms[0m
[90mGET /images/af-logo-signup.png [36m304 [90m0ms[0m
[90mGET /signin [32m200 [90m13ms - 2.16kb[0m
[90mGET /styles/bootstrap/bootstrap.css [36m304 [90m1ms[0m
[90mGET /styles/adminflare/adminflare.css [36m304 [90m2ms[0m
[90mGET /styles/main.css [36m304 [90m2ms[0m
[90mGET /images/body-bg.png [36m304 [90m0ms[0m
[90mGET /images/af-logo-signup.png [36m304 [90m0ms[0m
[90mGET /fonts/fontawesome/fontawesome-webfont.woff?v=3.0.1 [36m304 [90m0ms[0m
[90mGET /signin [36m304 [90m13ms[0m
[90mGET /styles/bootstrap/bootstrap.css [36m304 [90m1ms[0m
[90mGET /styles/adminflare/adminflare.css [36m304 [90m1ms[0m
[90mGET /styles/main.css [36m304 [90m1ms[0m
[90mGET /images/body-bg.png [36m304 [90m0ms[0m
[90mGET /images/af-logo-signup.png [36m304 [90m0ms[0m
[90mGET /fonts/fontawesome/fontawesome-webfont.woff?v=3.0.1 [36m304 [90m0ms[0m
[90mGET /signup [32m200 [90m11ms - 2.28kb[0m
[90mGET /styles/bootstrap/bootstrap.css [36m304 [90m1ms[0m
[90mGET /styles/adminflare/adminflare.css [36m304 [90m1ms[0m
[90mGET /styles/main.css [36m304 [90m1ms[0m
[90mGET /images/af-logo-signup.png [36m304 [90m1ms[0m
[90mGET / [32m200 [90m5ms - 1.32kb[0m
[90mGET /styles/adminflare/adminflare.css [36m304 [90m0ms[0m
[90mGET /styles/bootstrap/bootstrap.css [36m304 [90m1ms[0m
[90mGET /styles/main.css [36m304 [90m2ms[0m
[90mGET / [36m304 [90m4ms[0m
[90mGET /styles/bootstrap/bootstrap.css [36m304 [90m1ms[0m
[90mGET /styles/main.css [36m304 [90m1ms[0m
[90mGET /styles/adminflare/adminflare.css [36m304 [90m1ms[0m
SyntaxError: Unexpected identifier
    at Object.Function (<anonymous>)
    at Object.exports.compile (/var/nodeapp/node_modules/jade/lib/jade.js:171:8)
    at Object.exports.render (/var/nodeapp/node_modules/jade/lib/jade.js:205:17)
    at View.exports.renderFile [as engine] (/var/nodeapp/node_modules/jade/lib/jade.js:233:13)
    at View.render (/var/nodeapp/node_modules/express/lib/view.js:75:8)
    at Function.app.render (/var/nodeapp/node_modules/express/lib/application.js:506:10)
    at ServerResponse.res.render (/var/nodeapp/node_modules/express/lib/response.js:756:7)
    at exports.index (/var/nodeapp/routes/index.js:7:7)
    at callbacks (/var/nodeapp/node_modules/express/lib/router/index.js:161:37)
    at param (/var/nodeapp/node_modules/express/lib/router/index.js:135:11)
[90mGET / [31m500 [90m10ms[0m
[90mGET / [32m200 [90m6ms - 1.32kb[0m
[90mGET /styles/bootstrap/bootstrap.css [36m304 [90m1ms[0m
[90mGET /styles/adminflare/adminflare.css [36m304 [90m1ms[0m
[90mGET /styles/main.css [36m304 [90m1ms[0m
[90mGET / [32m200 [90m7ms - 1.1kb[0m
[90mGET /styles/bootstrap/bootstrap.css [36m304 [90m1ms[0m
[90mGET /styles/adminflare/adminflare.css [36m304 [90m1ms[0m
[90mGET /styles/main.css [36m304 [90m0ms[0m
[90mGET /signup [32m200 [90m10ms - 2.06kb[0m
[90mGET /styles/bootstrap/bootstrap.css [36m304 [90m1ms[0m
[90mGET /styles/adminflare/adminflare.css [36m304 [90m1ms[0m
[90mGET /styles/main.css [36m304 [90m0ms[0m
[90mGET /images/af-logo-signup.png [36m304 [90m0ms[0m
[90mGET /signin [32m200 [90m9ms - 1.94kb[0m
[90mGET /styles/bootstrap/bootstrap.css [36m304 [90m0ms[0m
[90mGET /styles/adminflare/adminflare.css [36m304 [90m0ms[0m
[90mGET /styles/main.css [36m304 [90m1ms[0m
[90mGET /images/af-logo-signup.png [36m304 [90m0ms[0m
[90mGET / [36m304 [90m5ms[0m
[90mGET /styles/bootstrap/bootstrap.css [36m304 [90m0ms[0m
[90mGET /styles/main.css [36m304 [90m1ms[0m
[90mGET /styles/adminflare/adminflare.css [36m304 [90m1ms[0m
[90mGET / [32m200 [90m5ms - 1.13kb[0m
[90mGET /styles/bootstrap/bootstrap.css [36m304 [90m1ms[0m
[90mGET /styles/adminflare/adminflare.css [36m304 [90m1ms[0m
[90mGET /styles/main.css [36m304 [90m1ms[0m
[90mGET / [36m304 [90m4ms[0m
[90mGET /styles/bootstrap/bootstrap.css [36m304 [90m1ms[0m
[90mGET /styles/main.css [36m304 [90m1ms[0m
[90mGET /styles/adminflare/adminflare.css [36m304 [90m1ms[0m
[90mGET /images/body-bg.png [36m304 [90m1ms[0m
[90mGET /users [32m200 [90m1ms - 23b[0m
[90mGET /users [32m200 [90m1ms - 23b[0m
[90mGET /users [32m200 [90m0ms - 23b[0m
[90mGET /users [32m200 [90m1ms - 23b[0m
[90mGET /users [32m200 [90m0ms - 23b[0m
[90mGET /users [32m200 [90m0ms - 23b[0m
[90mGET /users [32m200 [90m1ms - 23b[0m
[90mGET /users [32m200 [90m0ms - 23b[0m
[90mGET /users [32m200 [90m0ms - 23b[0m
[90mGET /users [32m200 [90m0ms - 23b[0m
[90mGET /users [32m200 [90m0ms - 23b[0m
[90mGET /users [32m200 [90m1ms - 23b[0m
[90mGET /users [32m200 [90m0ms - 23b[0m
[90mGET / [36m304 [90m4ms[0m
[90mGET /styles/bootstrap/bootstrap.css [36m304 [90m1ms[0m
[90mGET /styles/adminflare/adminflare.css [36m304 [90m1ms[0m
[90mGET /styles/main.css [36m304 [90m0ms[0m
[90mGET / [36m304 [90m4ms[0m
[90mGET /styles/main.css [36m304 [90m1ms[0m
[90mGET /styles/bootstrap/bootstrap.css [36m304 [90m1ms[0m
[90mGET /styles/adminflare/adminflare.css [36m304 [90m1ms[0m
[90mGET / [36m304 [90m6ms[0m
[90mGET /styles/bootstrap/bootstrap.css [36m304 [90m1ms[0m
[90mGET /styles/main.css [36m304 [90m0ms[0m
[90mGET /styles/adminflare/adminflare.css [36m304 [90m1ms[0m
[90mGET / [36m304 [90m5ms[0m
[90mGET /styles/bootstrap/bootstrap.css [36m304 [90m1ms[0m
[90mGET /styles/adminflare/adminflare.css [36m304 [90m1ms[0m
[90mGET /styles/main.css [36m304 [90m5ms[0m
[90mGET / [36m304 [90m4ms[0m
[90mGET /styles/bootstrap/bootstrap.css [36m304 [90m1ms[0m
[90mGET /styles/adminflare/adminflare.css [36m304 [90m1ms[0m
[90mGET /styles/main.css [36m304 [90m0ms[0m
[90mGET / [36m304 [90m7ms[0m
[90mGET /styles/bootstrap/bootstrap.css [36m304 [90m0ms[0m
[90mGET /styles/adminflare/adminflare.css [36m304 [90m1ms[0m
[90mGET /styles/main.css [36m304 [90m0ms[0m
[90mGET / [36m304 [90m4ms[0m
[90mGET /styles/bootstrap/bootstrap.css [36m304 [90m1ms[0m
[90mGET /styles/main.css [36m304 [90m1ms[0m
[90mGET /styles/adminflare/adminflare.css [36m304 [90m0ms[0m
[90mGET / [36m304 [90m3ms[0m
[90mGET /styles/bootstrap/bootstrap.css [36m304 [90m1ms[0m
[90mGET /styles/adminflare/adminflare.css [36m304 [90m1ms[0m
[90mGET /styles/main.css [36m304 [90m1ms[0m
[90mGET / [36m304 [90m3ms[0m
[90mGET /styles/bootstrap/bootstrap.css [36m304 [90m0ms[0m
[90mGET /styles/adminflare/adminflare.css [36m304 [90m0ms[0m
[90mGET /styles/main.css [36m304 [90m0ms[0m
[90mGET / [36m304 [90m4ms[0m
[90mGET /styles/bootstrap/bootstrap.css [36m304 [90m1ms[0m
[90mGET /styles/adminflare/adminflare.css [36m304 [90m0ms[0m
[90mGET /styles/main.css [36m304 [90m0ms[0m
[90mGET / [36m304 [90m4ms[0m
[90mGET /styles/bootstrap/bootstrap.css [36m304 [90m1ms[0m
[90mGET /styles/main.css [36m304 [90m1ms[0m
[90mGET /styles/adminflare/adminflare.css [36m304 [90m1ms[0m
[90mGET / [36m304 [90m3ms[0m
[90mGET /styles/adminflare/adminflare.css [36m304 [90m1ms[0m
[90mGET /styles/bootstrap/bootstrap.css [36m304 [90m1ms[0m
[90mGET /styles/main.css [36m304 [90m0ms[0m
[90mGET / [36m304 [90m3ms[0m
[90mGET /styles/bootstrap/bootstrap.css [36m304 [90m0ms[0m
[90mGET /styles/main.css [36m304 [90m1ms[0m
[90mGET /styles/adminflare/adminflare.css [36m304 [90m2ms[0m
[90mGET / [36m304 [90m3ms[0m
[90mGET /styles/bootstrap/bootstrap.css [36m304 [90m0ms[0m
[90mGET /styles/adminflare/adminflare.css [36m304 [90m1ms[0m
[90mGET /styles/main.css [36m304 [90m1ms[0m
[90mGET / [36m304 [90m3ms[0m
[90mGET /styles/bootstrap/bootstrap.css [36m304 [90m0ms[0m
[90mGET /styles/adminflare/adminflare.css [36m304 [90m0ms[0m
[90mGET /styles/main.css [36m304 [90m0ms[0m
[90mGET / [36m304 [90m3ms[0m
[90mGET /styles/bootstrap/bootstrap.css [36m304 [90m0ms[0m
[90mGET /styles/main.css [36m304 [90m3ms[0m
[90mGET /styles/adminflare/adminflare.css [36m304 [90m4ms[0m
[90mGET / [36m304 [90m3ms[0m
[90mGET /styles/bootstrap/bootstrap.css [36m304 [90m1ms[0m
[90mGET /styles/adminflare/adminflare.css [36m304 [90m0ms[0m
[90mGET /styles/main.css [36m304 [90m0ms[0m
[90mGET / [36m304 [90m3ms[0m
[90mGET /styles/bootstrap/bootstrap.css [36m304 [90m1ms[0m
[90mGET /styles/adminflare/adminflare.css [36m304 [90m1ms[0m
[90mGET /styles/main.css [36m304 [90m0ms[0m
[90mGET / [36m304 [90m3ms[0m
[90mGET /styles/adminflare/adminflare.css [36m304 [90m1ms[0m
[90mGET /styles/bootstrap/bootstrap.css [36m304 [90m0ms[0m
[90mGET /styles/main.css [36m304 [90m1ms[0m
[90mGET / [36m304 [90m3ms[0m
[90mGET /styles/bootstrap/bootstrap.css [36m304 [90m1ms[0m
[90mGET /styles/main.css [36m304 [90m1ms[0m
[90mGET /styles/adminflare/adminflare.css [36m304 [90m0ms[0m
Express server listening on port 80
[90mGET / [32m200 [90m196ms - 1.87kb[0m
[90mGET /styles/bootstrap/bootstrap.css [36m304 [90m3ms[0m
[90mGET /styles/adminflare/adminflare.css [36m304 [90m1ms[0m
[90mGET /styles/main.css [36m304 [90m0ms[0m
[90mGET /scripts/main.js [36m304 [90m1ms[0m
[90mGET /images/body-bg.png [36m304 [90m1ms[0m
[90mGET /signin [32m200 [90m11ms - 2.09kb[0m
[90mGET /styles/bootstrap/bootstrap.css [36m304 [90m0ms[0m
[90mGET /styles/adminflare/adminflare.css [36m304 [90m1ms[0m
[90mGET /scripts/main.js [36m304 [90m1ms[0m
[90mGET /styles/main.css [36m304 [90m1ms[0m
[90mGET /images/af-logo-signup.png [36m304 [90m0ms[0m
[90mGET /fonts/fontawesome/fontawesome-webfont.woff?v=3.0.1 [36m304 [90m0ms[0m
[90mGET /signup [32m200 [90m11ms - 2.21kb[0m
[90mGET /styles/bootstrap/bootstrap.css [36m304 [90m0ms[0m
[90mGET /styles/adminflare/adminflare.css [36m304 [90m2ms[0m
[90mGET /styles/main.css [36m304 [90m1ms[0m
[90mGET /scripts/main.js [36m304 [90m1ms[0m
[90mGET /images/af-logo-signup.png [36m304 [90m0ms[0m
[90mGET /signin [32m200 [90m9ms - 2.09kb[0m
[90mGET /styles/main.css [32m200 [90m2ms - 8.41kb[0m
[90mGET /scripts/main.js [32m200 [90m1ms - 699b[0m
[90mGET /styles/bootstrap/bootstrap.css [32m200 [90m73ms - 136.27kb[0m
[90mGET /styles/adminflare/adminflare.css [32m200 [90m89ms - 161.98kb[0m
[90mGET /images/body-bg.png [32m200 [90m1ms - 3.3kb[0m
[90mGET /images/af-logo-signup.png [32m200 [90m0ms - 3.55kb[0m
[90mGET /fonts/fontawesome/fontawesome-webfont.woff?v=3.0.1 [32m200 [90m1ms - 28.69kb[0m
[90mGET /dashboard.html?username=admin&password=njit%241234 [33m404 [90m1ms[0m
[90mGET /signup [32m200 [90m10ms - 2.21kb[0m
[90mGET /styles/bootstrap/bootstrap.css [36m304 [90m0ms[0m
[90mGET /styles/main.css [36m304 [90m1ms[0m
[90mGET /scripts/main.js [36m304 [90m1ms[0m
[90mGET /styles/adminflare/adminflare.css [36m304 [90m1ms[0m
[90mGET /images/af-logo-signup.png [36m304 [90m0ms[0m
[90mGET /images/body-bg.png [36m304 [90m1ms[0m
[90mGET /fonts/fontawesome/fontawesome-webfont.woff?v=3.0.1 [36m304 [90m0ms[0m
[90mGET /signin [36m304 [90m9ms[0m
[90mGET /styles/bootstrap/bootstrap.css [36m304 [90m1ms[0m
[90mGET /styles/adminflare/adminflare.css [36m304 [90m0ms[0m
[90mGET /styles/main.css [36m304 [90m0ms[0m
[90mGET /scripts/main.js [36m304 [90m1ms[0m
[90mGET /images/af-logo-signup.png [36m304 [90m0ms[0m
[90mGET /signup [36m304 [90m18ms[0m
[90mGET /styles/bootstrap/bootstrap.css [36m304 [90m1ms[0m
[90mGET /styles/adminflare/adminflare.css [36m304 [90m0ms[0m
[90mGET /styles/main.css [36m304 [90m0ms[0m
[90mGET /scripts/main.js [36m304 [90m1ms[0m
[90mGET /images/af-logo-signup.png [36m304 [90m2ms[0m
[90mGET /users [32m200 [90m8ms - 1.42kb[0m
[90mGET /styles/bootstrap/bootstrap.css [36m304 [90m1ms[0m
[90mGET /styles/main.css [36m304 [90m1ms[0m
[90mGET /styles/adminflare/adminflare.css [36m304 [90m1ms[0m
[90mGET /scripts/main.js [36m304 [90m0ms[0m
[90mGET / [32m200 [90m10ms - 1.87kb[0m
[90mGET /styles/adminflare/adminflare.css [32m200 [90m70ms - 161.98kb[0m
[90mGET /styles/bootstrap/bootstrap.css [32m200 [90m91ms - 136.27kb[0m
[90mGET /styles/main.css [32m200 [90m1ms - 8.41kb[0m
[90mGET /scripts/main.js [32m200 [90m0ms - 699b[0m
[90mGET /images/body-bg.png [32m200 [90m1ms - 3.3kb[0m
[90mGET /signin [32m200 [90m8ms - 2.09kb[0m
[90mGET /styles/bootstrap/bootstrap.css [36m304 [90m4ms[0m
[90mGET /styles/adminflare/adminflare.css [36m304 [90m5ms[0m
[90mGET /scripts/main.js [36m304 [90m3ms[0m
[90mGET /styles/main.css [36m304 [90m1ms[0m
[90mGET /images/af-logo-signup.png [32m200 [90m2ms - 3.55kb[0m
[90mGET /fonts/fontawesome/fontawesome-webfont.woff?v=3.0.1 [32m200 [90m2ms - 28.69kb[0m
[90mGET /signup [32m200 [90m14ms - 2.21kb[0m
[90mGET /styles/bootstrap/bootstrap.css [36m304 [90m1ms[0m
[90mGET /scripts/main.js [36m304 [90m2ms[0m
[90mGET /styles/main.css [36m304 [90m2ms[0m
[90mGET /styles/adminflare/adminflare.css [36m304 [90m1ms[0m
[90mGET /images/af-logo-signup.png [36m304 [90m2ms[0m
[90mGET /users [32m200 [90m9ms - 1.42kb[0m
[90mGET /styles/main.css [36m304 [90m4ms[0m
[90mGET /scripts/main.js [36m304 [90m3ms[0m
[90mGET /styles/bootstrap/bootstrap.css [36m304 [90m4ms[0m
[90mGET /styles/adminflare/adminflare.css [36m304 [90m2ms[0m
[90mGET / [36m304 [90m9ms[0m
[90mGET /styles/adminflare/adminflare.css [36m304 [90m2ms[0m
[90mGET /styles/bootstrap/bootstrap.css [36m304 [90m1ms[0m
[90mGET /styles/main.css [36m304 [90m1ms[0m
[90mGET /scripts/main.js [36m304 [90m1ms[0m
[90mGET /users [32m200 [90m9ms - 1.42kb[0m
[90mGET /styles/main.css [32m200 [90m1ms - 8.41kb[0m
[90mGET /scripts/main.js [32m200 [90m1ms - 699b[0m
[90mGET /styles/bootstrap/bootstrap.css [32m200 [90m98ms - 136.27kb[0m
[90mGET /styles/adminflare/adminflare.css [32m200 [90m75ms - 161.98kb[0m
[90mGET /images/body-bg.png [32m200 [90m1ms - 3.3kb[0m
[90mGET /signin [32m200 [90m7ms - 2.09kb[0m
[90mGET /images/af-logo-signup.png [32m200 [90m0ms - 3.55kb[0m
[90mGET /fonts/fontawesome/fontawesome-webfont.woff?v=3.0.1 [32m200 [90m1ms - 28.69kb[0m
[90mGET /signup [32m200 [90m5ms - 2.21kb[0m
[90mGET /styles/bootstrap/bootstrap.css [36m304 [90m1ms[0m
[90mGET /styles/adminflare/adminflare.css [36m304 [90m1ms[0m
[90mGET /scripts/main.js [36m304 [90m0ms[0m
[90mGET /styles/main.css [36m304 [90m0ms[0m
[90mGET /images/body-bg.png [36m304 [90m2ms[0m
[90mGET /images/af-logo-signup.png [36m304 [90m1ms[0m
[90mGET /fonts/fontawesome/fontawesome-webfont.woff?v=3.0.1 [36m304 [90m0ms[0m
[90mGET /signin [36m304 [90m6ms[0m
[90mGET /styles/adminflare/adminflare.css [36m304 [90m0ms[0m
[90mGET /styles/main.css [36m304 [90m1ms[0m
[90mGET /styles/bootstrap/bootstrap.css [36m304 [90m1ms[0m
[90mGET /scripts/main.js [36m304 [90m1ms[0m
[90mGET /images/af-logo-signup.png [36m304 [90m1ms[0m
[90mGET /signup [36m304 [90m8ms[0m
[90mGET /styles/bootstrap/bootstrap.css [36m304 [90m0ms[0m
[90mGET /styles/main.css [36m304 [90m0ms[0m
[90mGET /styles/adminflare/adminflare.css [36m304 [90m1ms[0m
[90mGET /scripts/main.js [36m304 [90m0ms[0m
[90mGET /images/af-logo-signup.png [36m304 [90m0ms[0m
[90mGET /signin [36m304 [90m7ms[0m
[90mGET /scripts/main.js [36m304 [90m1ms[0m
[90mGET /styles/adminflare/adminflare.css [36m304 [90m0ms[0m
[90mGET /styles/main.css [36m304 [90m1ms[0m
[90mGET /styles/bootstrap/bootstrap.css [36m304 [90m1ms[0m
[90mGET /images/af-logo-signup.png [36m304 [90m0ms[0m
[90mGET /signup [36m304 [90m10ms[0m
[90mGET /styles/bootstrap/bootstrap.css [36m304 [90m0ms[0m
[90mGET /scripts/main.js [36m304 [90m0ms[0m
[90mGET /styles/adminflare/adminflare.css [36m304 [90m0ms[0m
[90mGET /styles/main.css [36m304 [90m1ms[0m
[90mGET /images/af-logo-signup.png [36m304 [90m1ms[0m
[90mGET /signin [36m304 [90m5ms[0m
[90mGET /styles/main.css [36m304 [90m1ms[0m
[90mGET /scripts/main.js [36m304 [90m0ms[0m
[90mGET /styles/bootstrap/bootstrap.css [36m304 [90m0ms[0m
[90mGET /styles/adminflare/adminflare.css [36m304 [90m1ms[0m
[90mGET /images/af-logo-signup.png [36m304 [90m1ms[0m
[90mGET /signup [36m304 [90m7ms[0m
[90mGET /styles/main.css [36m304 [90m0ms[0m
[90mGET /scripts/main.js [36m304 [90m3ms[0m
[90mGET /styles/bootstrap/bootstrap.css [36m304 [90m1ms[0m
[90mGET /styles/adminflare/adminflare.css [36m304 [90m1ms[0m
[90mGET /images/af-logo-signup.png [36m304 [90m1ms[0m
[90mGET /signin [36m304 [90m6ms[0m
[90mGET /styles/main.css [36m304 [90m1ms[0m
[90mGET /styles/bootstrap/bootstrap.css [36m304 [90m1ms[0m
[90mGET /scripts/main.js [36m304 [90m1ms[0m
[90mGET /styles/adminflare/adminflare.css [36m304 [90m1ms[0m
[90mGET /images/af-logo-signup.png [36m304 [90m1ms[0m
[90mGET /signup [36m304 [90m6ms[0m
[90mGET /styles/bootstrap/bootstrap.css [36m304 [90m1ms[0m
[90mGET /styles/main.css [36m304 [90m0ms[0m
[90mGET /scripts/main.js [36m304 [90m1ms[0m
[90mGET /styles/adminflare/adminflare.css [36m304 [90m1ms[0m
[90mGET /images/af-logo-signup.png [36m304 [90m1ms[0m
[90mGET /signin [36m304 [90m5ms[0m
[90mGET /styles/bootstrap/bootstrap.css [36m304 [90m0ms[0m
[90mGET /styles/adminflare/adminflare.css [36m304 [90m0ms[0m
[90mGET /scripts/main.js [36m304 [90m0ms[0m
[90mGET /styles/main.css [36m304 [90m1ms[0m
[90mGET /images/af-logo-signup.png [36m304 [90m1ms[0m
[90mGET /signin [36m304 [90m5ms[0m
[90mGET /styles/bootstrap/bootstrap.css [36m304 [90m0ms[0m
[90mGET /scripts/main.js [36m304 [90m3ms[0m
[90mGET /styles/adminflare/adminflare.css [36m304 [90m2ms[0m
[90mGET /styles/main.css [36m304 [90m2ms[0m
[90mGET /images/af-logo-signup.png [36m304 [90m1ms[0m
[90mGET /signin [36m304 [90m6ms[0m
[90mGET /styles/bootstrap/bootstrap.css [36m304 [90m0ms[0m
[90mGET /styles/main.css [36m304 [90m0ms[0m
[90mGET /styles/adminflare/adminflare.css [36m304 [90m0ms[0m
[90mGET /scripts/main.js [36m304 [90m1ms[0m
[90mGET /images/af-logo-signup.png [36m304 [90m0ms[0m
[90mGET /signup [36m304 [90m5ms[0m
[90mGET /styles/bootstrap/bootstrap.css [36m304 [90m0ms[0m
[90mGET /styles/adminflare/adminflare.css [36m304 [90m1ms[0m
[90mGET /styles/main.css [36m304 [90m1ms[0m
[90mGET /scripts/main.js [36m304 [90m0ms[0m
[90mGET /images/af-logo-signup.png [36m304 [90m1ms[0m
[90mGET /signup [36m304 [90m5ms[0m
[90mGET /styles/bootstrap/bootstrap.css [36m304 [90m3ms[0m
[90mGET /styles/adminflare/adminflare.css [36m304 [90m2ms[0m
[90mGET /styles/main.css [36m304 [90m3ms[0m
[90mGET /scripts/main.js [36m304 [90m0ms[0m
[90mGET /images/af-logo-signup.png [36m304 [90m1ms[0m
[90mGET /signup [36m304 [90m5ms[0m
[90mGET /styles/main.css [36m304 [90m0ms[0m
[90mGET /styles/bootstrap/bootstrap.css [36m304 [90m0ms[0m
[90mGET /styles/adminflare/adminflare.css [36m304 [90m1ms[0m
[90mGET /scripts/main.js [36m304 [90m0ms[0m
[90mGET /images/af-logo-signup.png [36m304 [90m1ms[0m
[90mGET /signup [36m304 [90m4ms[0m
[90mGET /styles/main.css [36m304 [90m2ms[0m
[90mGET /scripts/main.js [36m304 [90m1ms[0m
[90mGET /styles/adminflare/adminflare.css [36m304 [90m1ms[0m
[90mGET /styles/bootstrap/bootstrap.css [36m304 [90m1ms[0m
[90mGET /images/af-logo-signup.png [36m304 [90m0ms[0m
[90mHEAD / [32m200 [90m5ms - 1.87kb[0m
[90mHEAD /signin [32m200 [90m4ms - 2.09kb[0m
[90mGET /w00tw00t.at.ISC.SANS.DFind:) [33m404 [90m1ms[0m
[90mGET / [36m304 [90m7ms[0m
[90mGET /styles/bootstrap/bootstrap.css [36m304 [90m0ms[0m
[90mGET /styles/adminflare/adminflare.css [36m304 [90m0ms[0m
[90mGET /styles/main.css [36m304 [90m0ms[0m
[90mGET /scripts/main.js [36m304 [90m0ms[0m
[90mGET /images/body-bg.png [36m304 [90m0ms[0m
[90mGET /signin [36m304 [90m5ms[0m
[90mGET /styles/adminflare/adminflare.css [36m304 [90m1ms[0m
[90mGET /styles/bootstrap/bootstrap.css [36m304 [90m0ms[0m
[90mGET /scripts/main.js [36m304 [90m0ms[0m
[90mGET /styles/main.css [36m304 [90m0ms[0m
[90mGET /images/af-logo-signup.png [36m304 [90m0ms[0m
[90mGET /fonts/fontawesome/fontawesome-webfont.woff?v=3.0.1 [36m304 [90m0ms[0m
[90mGET /signup [36m304 [90m6ms[0m
[90mGET /styles/bootstrap/bootstrap.css [36m304 [90m0ms[0m
[90mGET /styles/adminflare/adminflare.css [36m304 [90m0ms[0m
[90mGET /styles/main.css [36m304 [90m0ms[0m
[90mGET /scripts/main.js [36m304 [90m0ms[0m
[90mGET /images/af-logo-signup.png [36m304 [90m1ms[0m
[90mGET /signin [36m304 [90m5ms[0m
[90mGET /styles/bootstrap/bootstrap.css [36m304 [90m1ms[0m
[90mGET /scripts/main.js [36m304 [90m1ms[0m
[90mGET /styles/main.css [36m304 [90m1ms[0m
[90mGET /styles/adminflare/adminflare.css [36m304 [90m0ms[0m
[90mGET /images/af-logo-signup.png [36m304 [90m1ms[0m
[90mGET /signin [32m200 [90m5ms - 2.09kb[0m
[90mGET /styles/main.css [32m200 [90m2ms - 8.41kb[0m
[90mGET /scripts/main.js [32m200 [90m1ms - 699b[0m
[90mGET /styles/bootstrap/bootstrap.css [32m200 [90m2074ms - 136.27kb[0m
[90mGET /styles/adminflare/adminflare.css [32m200 [90m7581ms - 161.98kb[0m
[90mGET /images/body-bg.png [32m200 [90m1ms - 3.3kb[0m
[90mGET /images/af-logo-signup.png [32m200 [90m0ms - 3.55kb[0m
[90mGET /fonts/fontawesome/fontawesome-webfont.woff?v=3.0.1 [32m200 [90m1ms - 28.69kb[0m
[90mGET /dashboard.html [33m404 [90m0ms[0m
